Determining if the pthread_create exist failed with the following output:
Change Dir: /home/bewilderon/catkin_ws/build/CMakeFiles/CMakeTmp

Run Build Command:/usr/bin/make "cmTryCompileExec403691152/fast"
/usr/bin/make -f CMakeFiles/cmTryCompileExec403691152.dir/build.make CMakeFiles/cmTryCompileExec403691152.dir/build
make[1]: Entering directory `/home/bewilderon/catkin_ws/build/CMakeFiles/CMakeTmp'
/usr/bin/cmake -E cmake_progress_report /home/bewilderon/catkin_ws/build/CMakeFiles/CMakeTmp/CMakeFiles 1
Building C object CMakeFiles/cmTryCompileExec403691152.dir/CheckSymbolExists.c.o
/usr/bin/cc    -o CMakeFiles/cmTryCompileExec403691152.dir/CheckSymbolExists.c.o   -c /home/bewilderon/catkin_ws/build/CMakeFiles/CMakeTmp/CheckSymbolExists.c
Linking C executable cmTryCompileExec403691152
/usr/bin/cmake -E cmake_link_script CMakeFiles/cmTryCompileExec403691152.dir/link.txt --verbose=1
/usr/bin/cc       CMakeFiles/cmTryCompileExec403691152.dir/CheckSymbolExists.c.o  -o cmTryCompileExec403691152 -rdynamic 
CMakeFiles/cmTryCompileExec403691152.dir/CheckSymbolExists.c.o: In function `main':
CheckSymbolExists.c:(.text+0x16): undefined reference to `pthread_create'
collect2: error: ld returned 1 exit status
make[1]: *** [cmTryCompileExec403691152] Error 1
make[1]: Leaving directory `/home/bewilderon/catkin_ws/build/CMakeFiles/CMakeTmp'
make: *** [cmTryCompileExec403691152/fast] Error 2

File /home/bewilderon/catkin_ws/build/CMakeFiles/CMakeTmp/CheckSymbolExists.c:
/* */
#include <pthread.h>

int main(int argc, char** argv)
{
  (void)argv;
#ifndef pthread_create
  return ((int*)(&pthread_create))[argc];
#else
  (void)argc;
  return 0;
#endif
}

Determining if the function pthread_create exists in the pthreads failed with the following output:
Change Dir: /home/bewilderon/catkin_ws/build/CMakeFiles/CMakeTmp

Run Build Command:/usr/bin/make "cmTryCompileExec966005184/fast"
/usr/bin/make -f CMakeFiles/cmTryCompileExec966005184.dir/build.make CMakeFiles/cmTryCompileExec966005184.dir/build
make[1]: Entering directory `/home/bewilderon/catkin_ws/build/CMakeFiles/CMakeTmp'
/usr/bin/cmake -E cmake_progress_report /home/bewilderon/catkin_ws/build/CMakeFiles/CMakeTmp/CMakeFiles 1
Building C object CMakeFiles/cmTryCompileExec966005184.dir/CheckFunctionExists.c.o
/usr/bin/cc   -DCHECK_FUNCTION_EXISTS=pthread_create   -o CMakeFiles/cmTryCompileExec966005184.dir/CheckFunctionExists.c.o   -c /usr/share/cmake-2.8/Modules/CheckFunctionExists.c
Linking C executable cmTryCompileExec966005184
/usr/bin/cmake -E cmake_link_script CMakeFiles/cmTryCompileExec966005184.dir/link.txt --verbose=1
/usr/bin/cc   -DCHECK_FUNCTION_EXISTS=pthread_create    CMakeFiles/cmTryCompileExec966005184.dir/CheckFunctionExists.c.o  -o cmTryCompileExec966005184 -rdynamic -lpthreads 
/usr/bin/ld: cannot find -lpthreads
collect2: error: ld returned 1 exit status
make[1]: *** [cmTryCompileExec966005184] Error 1
make[1]: Leaving directory `/home/bewilderon/catkin_ws/build/CMakeFiles/CMakeTmp'
make: *** [cmTryCompileExec966005184/fast] Error 2


